0 info it worked if it ends with ok
1 verbose cli [ '/home/simon/.nvm/versions/v0.12.7/bin/node',
1 verbose cli   '/home/simon/.nvm/versions/v0.12.7/bin/npm',
1 verbose cli   'version',
1 verbose cli   'major' ]
2 info using npm@2.11.3
3 info using node@v0.12.7
4 info preversion garmin2@2.0.0
5 info git [ 'status', '--porcelain' ]
6 verbose stack Error: Error: Git working directory not clean.
6 verbose stack M angular/app.js
6 verbose stack M angular/editor/editor.jade
6 verbose stack M angular/editor/editor.scss
6 verbose stack D angular/upload/edge.jpg
6 verbose stack M angular/upload/upload.jade
6 verbose stack M dist/build.js
6 verbose stack M dist/build.js.map
6 verbose stack D dist/editor/editor.html
6 verbose stack D dist/editor/lap.tmpl.html
6 verbose stack D dist/feedback.dir/feedback.tmpl.html
6 verbose stack D dist/feedback/feedback.html
6 verbose stack M dist/styles.css
6 verbose stack D dist/upload/edge.jpg
6 verbose stack D dist/upload/upload.html
6 verbose stack M gulpfile.js
6 verbose stack M package.json
6 verbose stack     at /home/simon/.nvm/versions/v0.12.7/lib/node_modules/npm/lib/version.js:71:23
6 verbose stack     at /home/simon/.nvm/versions/v0.12.7/lib/node_modules/npm/lib/version.js:151:34
6 verbose stack     at ChildProcess.exithandler (child_process.js:742:7)
6 verbose stack     at ChildProcess.emit (events.js:110:17)
6 verbose stack     at maybeClose (child_process.js:1015:16)
6 verbose stack     at Socket.<anonymous> (child_process.js:1183:11)
6 verbose stack     at Socket.emit (events.js:107:17)
6 verbose stack     at Pipe.close (net.js:485:12)
7 verbose cwd /home/simon/code/btsync/HTML/garmin2
8 error Linux 3.19.0-28-generic
9 error argv "/home/simon/.nvm/versions/v0.12.7/bin/node" "/home/simon/.nvm/versions/v0.12.7/bin/npm" "version" "major"
10 error node v0.12.7
11 error npm  v2.11.3
12 error Error: Git working directory not clean.
12 error M angular/app.js
12 error M angular/editor/editor.jade
12 error M angular/editor/editor.scss
12 error D angular/upload/edge.jpg
12 error M angular/upload/upload.jade
12 error M dist/build.js
12 error M dist/build.js.map
12 error D dist/editor/editor.html
12 error D dist/editor/lap.tmpl.html
12 error D dist/feedback.dir/feedback.tmpl.html
12 error D dist/feedback/feedback.html
12 error M dist/styles.css
12 error D dist/upload/edge.jpg
12 error D dist/upload/upload.html
12 error M gulpfile.js
12 error M package.json
13 error If you need help, you may report this error at:
13 error     <https://github.com/npm/npm/issues>
14 verbose exit [ 1, true ]
